remote: error: GH013: Repository rule violations found for refs/heads/main.        
remote: 
remote: - GITHUB PUSH PROTECTION        
remote:   ΓÇöΓÇöΓÇöΓÇöΓÇöΓÇöΓÇöΓÇöΓÇöΓÇöΓÇöΓÇöΓÇöΓÇöΓÇöΓÇöΓÇöΓÇöΓÇöΓÇöΓÇöΓÇöΓÇöΓÇöΓÇöΓÇöΓÇöΓÇöΓÇöΓÇöΓÇöΓÇöΓÇöΓÇöΓÇöΓÇöΓÇöΓÇöΓÇöΓÇöΓÇö        
remote:     Resolve the following violations before pushing again        
remote: 
remote:     - Push cannot contain secrets        
remote: 
remote:             
remote:      (?) Learn how to resolve a blocked push        
remote:      https://docs.github.com/code-security/secret-scanning/working-with-secret-scanning-and-push-protection/working-with-push-protection-from-the-command-line#resolving-a-blocked-push        
remote:             
remote:             
remote:       ΓÇöΓÇö Salesforce OAuth2 Consumer Key ΓÇöΓÇöΓÇöΓÇöΓÇöΓÇöΓÇöΓÇöΓÇöΓÇöΓÇöΓÇöΓÇöΓÇöΓÇöΓÇöΓÇöΓÇöΓÇöΓÇö        
remote:        locations:        
remote:          - commit: 92a6626dbc34523cba990f7f091f65d08592e16d        
remote:            path: BestelAppBoeken.Receiver/appsettings.json:16        
remote:             
remote:        (?) To push, remove secret from commit(s) or follow this URL to allow the secret.        
remote:        https://github.com/Raihanebnj/BestelAppBoeken/security/secret-scanning/unblock-secret/38IJpwuSBes60gfkszh67ma7JmF        
remote:             
remote:             
remote:       ΓÇöΓÇö Salesforce OAuth2 Consumer Secret ΓÇöΓÇöΓÇöΓÇöΓÇöΓÇöΓÇöΓÇöΓÇöΓÇöΓÇöΓÇöΓÇöΓÇöΓÇöΓÇöΓÇö        
remote:        locations:        
remote:          - commit: 92a6626dbc34523cba990f7f091f65d08592e16d        
remote:            path: BestelAppBoeken.Receiver/appsettings.json:17        
remote:             
remote:        (?) To push, remove secret from commit(s) or follow this URL to allow the secret.        
remote:        https://github.com/Raihanebnj/BestelAppBoeken/security/secret-scanning/unblock-secret/38IJpxpzBJSDTko7XeRLt6kEoSs        
remote:             
remote: 
remote: 
To https://github.com/Raihanebnj/BestelAppBoeken.git
 ! [remote rejected] main -> main (push declined due to repository rule violations)
error: failed to push some refs to 'https://github.com/Raihanebnj/BestelAppBoeken.git'
