Using launch settings from BestelAppBoeken.Receiver\Properties\launchSettings.json...
Building...
info: BestelAppBoeken.Receiver.Worker[0]
      Connected to RabbitMQ. Listening on orders...
info: Microsoft.Hosting.Lifetime[0]
      Application started. Press Ctrl+C to shut down.
info: Microsoft.Hosting.Lifetime[0]
      Hosting environment: Development
info: Microsoft.Hosting.Lifetime[0]
      Content root path: C:\Users\Kimbe\source\repos\BestelAppBoeken\BestelAppBoeken.Receiver
info: BestelAppBoeken.Receiver.Worker[0]
      Received message: {"Id":0,"OrderDate":"2026-01-15T13:35:58.6762989+01:00","Items":[{"Id":0,"BookId":1,"BookTitle":"The Great Gatsby","Quantity":1,"UnitPrice":12.99}],"TotalAmount":12.99,"CustomerEmail":"discovery_test@example.com","Status":"Pending"}
info: System.Net.Http.HttpClient.Default.LogicalHandler[100]
      Start processing HTTP request POST https://orgfarm-0c7966cfe8-dev-ed.develop.my.salesforce.com/services/oauth2/token
info: System.Net.Http.HttpClient.Default.ClientHandler[100]
      Sending HTTP request POST https://orgfarm-0c7966cfe8-dev-ed.develop.my.salesforce.com/services/oauth2/token
info: System.Net.Http.HttpClient.Default.ClientHandler[101]
      Received HTTP response headers after 517.1354ms - 200
info: System.Net.Http.HttpClient.Default.LogicalHandler[101]
      End processing HTTP request after 535.025ms - 200
info: BestelAppBoeken.Receiver.Services.SalesforceClient[0]
      Successfully authenticated with Salesforce.
info: System.Net.Http.HttpClient.Default.LogicalHandler[100]
      Start processing HTTP request GET https://orgfarm-0c7966cfe8-dev-ed.develop.my.salesforce.com/services/data/v58.0/sobjects/
info: System.Net.Http.HttpClient.Default.ClientHandler[100]
      Sending HTTP request GET https://orgfarm-0c7966cfe8-dev-ed.develop.my.salesforce.com/services/data/v58.0/sobjects/
info: System.Net.Http.HttpClient.Default.ClientHandler[101]
      Received HTTP response headers after 698.8189ms - 200
info: System.Net.Http.HttpClient.Default.LogicalHandler[101]
      End processing HTTP request after 698.9937ms - 200
info: BestelAppBoeken.Receiver.Services.SalesforceClient[0]
      --- AVAILABLE ORDER OBJECTS ---
info: BestelAppBoeken.Receiver.Services.SalesforceClient[0]
      Found Object: Name=FulfillmentOrder, Label=Fulfillment Order
info: BestelAppBoeken.Receiver.Services.SalesforceClient[0]
      Found Object: Name=FulfillmentOrderFeed, Label=Fulfillment Order Feed
info: BestelAppBoeken.Receiver.Services.SalesforceClient[0]
      Found Object: Name=FulfillmentOrderItemAdjustment, Label=Fulfillment Order Item Adjustment
info: BestelAppBoeken.Receiver.Services.SalesforceClient[0]
      Found Object: Name=FulfillmentOrderItemAdjustmentFeed, Label=Fulfillment Order Item Adjustment Feed
info: BestelAppBoeken.Receiver.Services.SalesforceClient[0]
      Found Object: Name=FulfillmentOrderItemTax, Label=Fulfillment Order Item Tax
info: BestelAppBoeken.Receiver.Services.SalesforceClient[0]
      Found Object: Name=FulfillmentOrderItemTaxFeed, Label=Fulfillment Order Item Tax Feed
info: BestelAppBoeken.Receiver.Services.SalesforceClient[0]
      Found Object: Name=FulfillmentOrderLineItem, Label=Fulfillment Order Product
info: BestelAppBoeken.Receiver.Services.SalesforceClient[0]
      Found Object: Name=FulfillmentOrderLineItemFeed, Label=Fulfillment Order Product Feed
info: BestelAppBoeken.Receiver.Services.SalesforceClient[0]
      Found Object: Name=FulfillmentOrderShare, Label=Fulfillment Order Share
info: BestelAppBoeken.Receiver.Services.SalesforceClient[0]
      Found Object: Name=Order, Label=Order
info: BestelAppBoeken.Receiver.Services.SalesforceClient[0]
      Found Object: Name=OrderChangeEvent, Label=Order Change Event
info: BestelAppBoeken.Receiver.Services.SalesforceClient[0]
      Found Object: Name=OrderFeed, Label=Order Feed
info: BestelAppBoeken.Receiver.Services.SalesforceClient[0]
      Found Object: Name=OrderHistory, Label=Order History
info: BestelAppBoeken.Receiver.Services.SalesforceClient[0]
      Found Object: Name=OrderItem, Label=Order Product
info: BestelAppBoeken.Receiver.Services.SalesforceClient[0]
      Found Object: Name=OrderItemChangeEvent, Label=Order Product Change Event
info: BestelAppBoeken.Receiver.Services.SalesforceClient[0]
      Found Object: Name=OrderItemFeed, Label=Order Product Feed
info: BestelAppBoeken.Receiver.Services.SalesforceClient[0]
      Found Object: Name=OrderItemHistory, Label=Order Product History
info: BestelAppBoeken.Receiver.Services.SalesforceClient[0]
      Found Object: Name=OrderShare, Label=Order Share
info: BestelAppBoeken.Receiver.Services.SalesforceClient[0]
      Found Object: Name=OrderStatus, Label=Order Status Value
info: BestelAppBoeken.Receiver.Services.SalesforceClient[0]
      Found Object: Name=PendingOrderSummary, Label=Pending Order Summary
info: BestelAppBoeken.Receiver.Services.SalesforceClient[0]
      Found Object: Name=PendingOrderSummaryChangeEvent, Label=Pending Order Summary Change Event
info: BestelAppBoeken.Receiver.Services.SalesforceClient[0]
      Found Object: Name=ReturnOrder, Label=Return Order
info: BestelAppBoeken.Receiver.Services.SalesforceClient[0]
      Found Object: Name=ReturnOrderChangeEvent, Label=Return Order Change Event
info: BestelAppBoeken.Receiver.Services.SalesforceClient[0]
      Found Object: Name=ReturnOrderFeed, Label=Return Order Feed
info: BestelAppBoeken.Receiver.Services.SalesforceClient[0]
      Found Object: Name=ReturnOrderHistory, Label=Return Order History
info: BestelAppBoeken.Receiver.Services.SalesforceClient[0]
      Found Object: Name=ReturnOrderItemAdjustment, Label=Return Order Item Adjustment
info: BestelAppBoeken.Receiver.Services.SalesforceClient[0]
      Found Object: Name=ReturnOrderItemTax, Label=Return Order Item Tax
info: BestelAppBoeken.Receiver.Services.SalesforceClient[0]
      Found Object: Name=ReturnOrderLineItem, Label=Return Order Line Item
info: BestelAppBoeken.Receiver.Services.SalesforceClient[0]
      Found Object: Name=ReturnOrderLineItemChangeEvent, Label=Return Order Line Item Change Event
info: BestelAppBoeken.Receiver.Services.SalesforceClient[0]
      Found Object: Name=ReturnOrderLineItemFeed, Label=Return Order Line Item Feed
info: BestelAppBoeken.Receiver.Services.SalesforceClient[0]
      Found Object: Name=ReturnOrderLineItemHistory, Label=Return Order Line Item History
info: BestelAppBoeken.Receiver.Services.SalesforceClient[0]
      Found Object: Name=ReturnOrderShare, Label=Return Order Share
info: BestelAppBoeken.Receiver.Services.SalesforceClient[0]
      Found Object: Name=WebCart, Label=Cart
info: BestelAppBoeken.Receiver.Services.SalesforceClient[0]
      Found Object: Name=WebCartAdjustmentBasis, Label=Cart Adjustment Basis
info: BestelAppBoeken.Receiver.Services.SalesforceClient[0]
      Found Object: Name=WebCartAdjustmentBasisChangeEvent, Label=Cart Adjustment Basis Change Event
info: BestelAppBoeken.Receiver.Services.SalesforceClient[0]
      Found Object: Name=WebCartAdjustmentGroup, Label=Cart Adjustment Group
info: BestelAppBoeken.Receiver.Services.SalesforceClient[0]
      Found Object: Name=WebCartAdjustmentGroupChangeEvent, Label=Cart Adjustment Group Change Event
info: BestelAppBoeken.Receiver.Services.SalesforceClient[0]
      Found Object: Name=WebCartChangeEvent, Label=Cart Change Event
info: BestelAppBoeken.Receiver.Services.SalesforceClient[0]
      Found Object: Name=WebCartHistory, Label=Cart History
info: BestelAppBoeken.Receiver.Services.SalesforceClient[0]
      Found Object: Name=WebCartShare, Label=Cart Share
info: BestelAppBoeken.Receiver.Services.SalesforceClient[0]
      Found Object: Name=WebLink, Label=Custom Button or Link
info: BestelAppBoeken.Receiver.Services.SalesforceClient[0]
      Found Object: Name=WebLinkLocalization, Label=Custom Link Localization
info: BestelAppBoeken.Receiver.Services.SalesforceClient[0]
      Found Object: Name=WebStore, Label=Store
info: BestelAppBoeken.Receiver.Services.SalesforceClient[0]
      Found Object: Name=WebStoreBuyerGroup, Label=Store Buyer Group
info: BestelAppBoeken.Receiver.Services.SalesforceClient[0]
      Found Object: Name=WebStoreBuyerGroupChangeEvent, Label=Store Buyer Group Change Event
info: BestelAppBoeken.Receiver.Services.SalesforceClient[0]
      Found Object: Name=WebStoreCatalog, Label=Store Catalog
info: BestelAppBoeken.Receiver.Services.SalesforceClient[0]
      Found Object: Name=WebStoreCatalogChangeEvent, Label=Store Catalog Change Event
info: BestelAppBoeken.Receiver.Services.SalesforceClient[0]
      Found Object: Name=WebStoreCatalogHistory, Label=Store Catalog History
info: BestelAppBoeken.Receiver.Services.SalesforceClient[0]
      Found Object: Name=WebStoreChangeEvent, Label=Store Change Event
info: BestelAppBoeken.Receiver.Services.SalesforceClient[0]
      Found Object: Name=WebStoreInventorySource, Label=Web Store Inventory Source
info: BestelAppBoeken.Receiver.Services.SalesforceClient[0]
      Found Object: Name=WebStoreShare, Label=Store Share
info: BestelAppBoeken.Receiver.Services.SalesforceClient[0]
      Found Object: Name=WorkOrder, Label=Work Order
info: BestelAppBoeken.Receiver.Services.SalesforceClient[0]
      Found Object: Name=WorkOrderChangeEvent, Label=Work Order Change Event
info: BestelAppBoeken.Receiver.Services.SalesforceClient[0]
      Found Object: Name=WorkOrderFeed, Label=Work Order Feed
info: BestelAppBoeken.Receiver.Services.SalesforceClient[0]
      Found Object: Name=WorkOrderHistory, Label=Work Order History
info: BestelAppBoeken.Receiver.Services.SalesforceClient[0]
      Found Object: Name=WorkOrderLineItem, Label=Work Order Line Item
info: BestelAppBoeken.Receiver.Services.SalesforceClient[0]
      Found Object: Name=WorkOrderLineItemChangeEvent, Label=Work Order Line Item Change Event
info: BestelAppBoeken.Receiver.Services.SalesforceClient[0]
      Found Object: Name=WorkOrderLineItemFeed, Label=Work Order Line Item Feed
info: BestelAppBoeken.Receiver.Services.SalesforceClient[0]
      Found Object: Name=WorkOrderLineItemHistory, Label=Work Order Line Item History
info: BestelAppBoeken.Receiver.Services.SalesforceClient[0]
      Found Object: Name=WorkOrderLineItemStatus, Label=Work Order Line Item Status Value
info: BestelAppBoeken.Receiver.Services.SalesforceClient[0]
      Found Object: Name=WorkOrderShare, Label=Work Order Share
info: BestelAppBoeken.Receiver.Services.SalesforceClient[0]
      Found Object: Name=WorkOrderStatus, Label=Work Order Status Value
info: BestelAppBoeken.Receiver.Services.SalesforceClient[0]
      -------------------------------
info: System.Net.Http.HttpClient.Default.LogicalHandler[100]
      Start processing HTTP request POST https://orgfarm-0c7966cfe8-dev-ed.develop.my.salesforce.com/services/data/v58.0/sobjects/WebOrder__c/
info: System.Net.Http.HttpClient.Default.ClientHandler[100]
      Sending HTTP request POST https://orgfarm-0c7966cfe8-dev-ed.develop.my.salesforce.com/services/data/v58.0/sobjects/WebOrder__c/
info: System.Net.Http.HttpClient.Default.ClientHandler[101]
      Received HTTP response headers after 204.2357ms - 404
info: System.Net.Http.HttpClient.Default.LogicalHandler[101]
      End processing HTTP request after 204.4579ms - 404
fail: BestelAppBoeken.Receiver.Services.SalesforceClient[0]
      Failed to push order to Salesforce: NotFound - [{"errorCode":"NOT_FOUND","message":"The requested resource does not exist"}]
info: BestelAppBoeken.Receiver.Worker[0]
      Received message: {"Id":0,"OrderDate":"2026-01-15T13:37:10.5189434+01:00","Items":[{"Id":0,"BookId":1,"BookTitle":"The Great Gatsby","Quantity":1,"UnitPrice":12.99}],"TotalAmount":12.99,"CustomerEmail":"discovery_v2@example.com","Status":"Pending"}
info: System.Net.Http.HttpClient.Default.LogicalHandler[100]
      Start processing HTTP request POST https://orgfarm-0c7966cfe8-dev-ed.develop.my.salesforce.com/services/data/v58.0/sobjects/WebOrder__c/
info: System.Net.Http.HttpClient.Default.ClientHandler[100]
      Sending HTTP request POST https://orgfarm-0c7966cfe8-dev-ed.develop.my.salesforce.com/services/data/v58.0/sobjects/WebOrder__c/
info: System.Net.Http.HttpClient.Default.ClientHandler[101]
      Received HTTP response headers after 191.4511ms - 404
info: System.Net.Http.HttpClient.Default.LogicalHandler[101]
      End processing HTTP request after 191.6215ms - 404
fail: BestelAppBoeken.Receiver.Services.SalesforceClient[0]
      Failed to push order to Salesforce: NotFound - [{"errorCode":"NOT_FOUND","message":"The requested resource does not exist"}]
info: BestelAppBoeken.Receiver.Worker[0]
      Received message: {"Id":0,"OrderDate":"2026-01-15T13:38:39.7766498+01:00","Items":[{"Id":0,"BookId":1,"BookTitle":"The Great Gatsby","Quantity":1,"UnitPrice":12.99}],"TotalAmount":12.99,"CustomerEmail":"discovery_v3@example.com","Status":"Pending"}
info: System.Net.Http.HttpClient.Default.LogicalHandler[100]
      Start processing HTTP request POST https://orgfarm-0c7966cfe8-dev-ed.develop.my.salesforce.com/services/data/v58.0/sobjects/WebOrder__c/
info: System.Net.Http.HttpClient.Default.ClientHandler[100]
      Sending HTTP request POST https://orgfarm-0c7966cfe8-dev-ed.develop.my.salesforce.com/services/data/v58.0/sobjects/WebOrder__c/
info: System.Net.Http.HttpClient.Default.ClientHandler[101]
      Received HTTP response headers after 188.6285ms - 404
info: System.Net.Http.HttpClient.Default.LogicalHandler[101]
      End processing HTTP request after 188.8847ms - 404
fail: BestelAppBoeken.Receiver.Services.SalesforceClient[0]
      Failed to push order to Salesforce: NotFound - [{"errorCode":"NOT_FOUND","message":"The requested resource does not exist"}]
