Using launch settings from BestelAppBoeken.Receiver\Properties\launchSettings.json...
Building...
info: BestelAppBoeken.Receiver.Worker[0]
      Connected to RabbitMQ. Listening on orders...
info: Microsoft.Hosting.Lifetime[0]
      Application started. Press Ctrl+C to shut down.
info: Microsoft.Hosting.Lifetime[0]
      Hosting environment: Development
info: Microsoft.Hosting.Lifetime[0]
      Content root path: C:\Users\Kimbe\source\repos\BestelAppBoeken\BestelAppBoeken.Receiver
info: BestelAppBoeken.Receiver.Worker[0]
      Received message: {"Id":0,"OrderDate":"2026-01-15T15:18:20.7019098+01:00","Items":[{"Id":0,"BookId":1,"BookTitle":"The Great Gatsby","Quantity":3,"UnitPrice":12.99}],"TotalAmount":38.97,"CustomerEmail":"Kimberleythill123@Gmail.com","Status":"Pending"}
info: BestelAppBoeken.Receiver.Services.SalesforceClient[0]
      Attempting Auth Strategy 1: Password Flow with Security Token...
info: System.Net.Http.HttpClient.Default.LogicalHandler[100]
      Start processing HTTP request POST https://orgfarm-0c7966cfe8-dev-ed.develop.my.salesforce.com/services/oauth2/token
info: System.Net.Http.HttpClient.Default.ClientHandler[100]
      Sending HTTP request POST https://orgfarm-0c7966cfe8-dev-ed.develop.my.salesforce.com/services/oauth2/token
info: System.Net.Http.HttpClient.Default.ClientHandler[101]
      Received HTTP response headers after 579.0321ms - 400
info: System.Net.Http.HttpClient.Default.LogicalHandler[101]
      End processing HTTP request after 687.9515ms - 400
warn: BestelAppBoeken.Receiver.Services.SalesforceClient[0]
      Strategy 1 Failed: Salesforce returned BadRequest: {"error":"invalid_grant","error_description":"authentication failure"}
info: BestelAppBoeken.Receiver.Services.SalesforceClient[0]
      Attempting Auth Strategy 2: Password Flow WITHOUT Security Token...
info: System.Net.Http.HttpClient.Default.LogicalHandler[100]
      Start processing HTTP request POST https://orgfarm-0c7966cfe8-dev-ed.develop.my.salesforce.com/services/oauth2/token
info: System.Net.Http.HttpClient.Default.ClientHandler[100]
      Sending HTTP request POST https://orgfarm-0c7966cfe8-dev-ed.develop.my.salesforce.com/services/oauth2/token
info: System.Net.Http.HttpClient.Default.ClientHandler[101]
      Received HTTP response headers after 248.9988ms - 400
info: System.Net.Http.HttpClient.Default.LogicalHandler[101]
      End processing HTTP request after 249.3712ms - 400
warn: BestelAppBoeken.Receiver.Services.SalesforceClient[0]
      Strategy 2 Failed: Salesforce returned BadRequest: {"error":"invalid_grant","error_description":"authentication failure"}
info: BestelAppBoeken.Receiver.Services.SalesforceClient[0]
      Attempting Auth Strategy 3: Client Credentials Flow...
info: System.Net.Http.HttpClient.Default.LogicalHandler[100]
      Start processing HTTP request POST https://orgfarm-0c7966cfe8-dev-ed.develop.my.salesforce.com/services/oauth2/token
info: System.Net.Http.HttpClient.Default.ClientHandler[100]
      Sending HTTP request POST https://orgfarm-0c7966cfe8-dev-ed.develop.my.salesforce.com/services/oauth2/token
info: System.Net.Http.HttpClient.Default.ClientHandler[101]
      Received HTTP response headers after 247.974ms - 200
info: System.Net.Http.HttpClient.Default.LogicalHandler[101]
      End processing HTTP request after 248.131ms - 200
info: BestelAppBoeken.Receiver.Services.SalesforceClient[0]
      Strategy Succeeded! Authenticated. Instance: https://orgfarm-0c7966cfe8-dev-ed.develop.my.salesforce.com
info: System.Net.Http.HttpClient.Default.LogicalHandler[100]
      Start processing HTTP request POST https://orgfarm-0c7966cfe8-dev-ed.develop.my.salesforce.com/services/data/v58.0/sobjects/Task/
info: System.Net.Http.HttpClient.Default.ClientHandler[100]
      Sending HTTP request POST https://orgfarm-0c7966cfe8-dev-ed.develop.my.salesforce.com/services/data/v58.0/sobjects/Task/
info: System.Net.Http.HttpClient.Default.ClientHandler[101]
      Received HTTP response headers after 336.6801ms - 201
info: System.Net.Http.HttpClient.Default.LogicalHandler[101]
      End processing HTTP request after 337.007ms - 201
info: BestelAppBoeken.Receiver.Services.SalesforceClient[0]
      Order pushed to Salesforce successfully: Kimberleythill123@Gmail.com
info: BestelAppBoeken.Receiver.Worker[0]
      Received message: {"Id":0,"OrderDate":"2026-01-15T15:19:01.9575922+01:00","Items":[{"Id":0,"BookId":3,"BookTitle":"To Kill a Mockingbird","Quantity":3,"UnitPrice":14.20}],"TotalAmount":42.60,"CustomerEmail":"raihane.benjilali@gmail.com","Status":"Pending"}
info: System.Net.Http.HttpClient.Default.LogicalHandler[100]
      Start processing HTTP request POST https://orgfarm-0c7966cfe8-dev-ed.develop.my.salesforce.com/services/data/v58.0/sobjects/Task/
info: System.Net.Http.HttpClient.Default.ClientHandler[100]
      Sending HTTP request POST https://orgfarm-0c7966cfe8-dev-ed.develop.my.salesforce.com/services/data/v58.0/sobjects/Task/
info: System.Net.Http.HttpClient.Default.ClientHandler[101]
      Received HTTP response headers after 295.1143ms - 201
info: System.Net.Http.HttpClient.Default.LogicalHandler[101]
      End processing HTTP request after 295.4671ms - 201
info: BestelAppBoeken.Receiver.Services.SalesforceClient[0]
      Order pushed to Salesforce successfully: raihane.benjilali@gmail.com
