Using launch settings from BestelAppBoeken.Receiver\Properties\launchSettings.json...
Building...
info: BestelAppBoeken.Receiver.Worker[0]
      Connected to RabbitMQ. Listening on orders...
info: Microsoft.Hosting.Lifetime[0]
      Application started. Press Ctrl+C to shut down.
info: Microsoft.Hosting.Lifetime[0]
      Hosting environment: Development
info: Microsoft.Hosting.Lifetime[0]
      Content root path: C:\Users\Kimbe\source\repos\BestelAppBoeken\BestelAppBoeken.Receiver
info: BestelAppBoeken.Receiver.Worker[0]
      Received message: {"Id":0,"OrderDate":"2026-01-15T15:06:13.1964126+01:00","Items":[{"Id":0,"BookId":2,"BookTitle":"1984","Quantity":1,"UnitPrice":10.50}],"TotalAmount":10.50,"CustomerEmail":"ThillKimberleyPro@gmail.com","Status":"Pending"}
info: System.Net.Http.HttpClient.Default.LogicalHandler[100]
      Start processing HTTP request POST https://login.salesforce.com/services/oauth2/token
info: System.Net.Http.HttpClient.Default.ClientHandler[100]
      Sending HTTP request POST https://login.salesforce.com/services/oauth2/token
info: System.Net.Http.HttpClient.Default.ClientHandler[101]
      Received HTTP response headers after 5274.2619ms - 400
info: System.Net.Http.HttpClient.Default.LogicalHandler[101]
      End processing HTTP request after 5317.7955ms - 400
fail: BestelAppBoeken.Receiver.Services.SalesforceClient[0]
      Salesforce Authentication Failed: BadRequest, {"error":"invalid_grant","error_description":"authentication failure"}
fail: BestelAppBoeken.Receiver.Services.SalesforceClient[0]
      Error authenticating with Salesforce.
      System.Exception: Salesforce authentication failed.
         at BestelAppBoeken.Receiver.Services.SalesforceClient.AuthenticateAsync() in C:\Users\Kimbe\source\repos\BestelAppBoeken\BestelAppBoeken.Receiver\Services\SalesforceClient.cs:line 62
fail: BestelAppBoeken.Receiver.Worker[0]
      Error processing message.
      System.Exception: Salesforce authentication failed.
         at BestelAppBoeken.Receiver.Services.SalesforceClient.AuthenticateAsync() in C:\Users\Kimbe\source\repos\BestelAppBoeken\BestelAppBoeken.Receiver\Services\SalesforceClient.cs:line 62
         at BestelAppBoeken.Receiver.Services.SalesforceClient.PushOrderAsync(Order order) in C:\Users\Kimbe\source\repos\BestelAppBoeken\BestelAppBoeken.Receiver\Services\SalesforceClient.cs:line 88
         at BestelAppBoeken.Receiver.Worker.<ExecuteAsync>b__7_0(Object model, BasicDeliverEventArgs ea) in C:\Users\Kimbe\source\repos\BestelAppBoeken\BestelAppBoeken.Receiver\Worker.cs:line 74
info: BestelAppBoeken.Receiver.Worker[0]
      Received message: {"Id":0,"OrderDate":"2026-01-15T15:06:16.4743311+01:00","Items":[{"Id":0,"BookId":2,"BookTitle":"1984","Quantity":1,"UnitPrice":10.50}],"TotalAmount":10.50,"CustomerEmail":"ThillKimberleyPro@gmail.com","Status":"Pending"}
info: System.Net.Http.HttpClient.Default.LogicalHandler[100]
      Start processing HTTP request POST https://login.salesforce.com/services/oauth2/token
info: System.Net.Http.HttpClient.Default.ClientHandler[100]
      Sending HTTP request POST https://login.salesforce.com/services/oauth2/token
info: System.Net.Http.HttpClient.Default.ClientHandler[101]
      Received HTTP response headers after 1680.7626ms - 400
info: System.Net.Http.HttpClient.Default.LogicalHandler[101]
      End processing HTTP request after 1681.0048ms - 400
fail: BestelAppBoeken.Receiver.Services.SalesforceClient[0]
      Salesforce Authentication Failed: BadRequest, {"error":"invalid_grant","error_description":"authentication failure"}
fail: BestelAppBoeken.Receiver.Services.SalesforceClient[0]
      Error authenticating with Salesforce.
      System.Exception: Salesforce authentication failed.
         at BestelAppBoeken.Receiver.Services.SalesforceClient.AuthenticateAsync() in C:\Users\Kimbe\source\repos\BestelAppBoeken\BestelAppBoeken.Receiver\Services\SalesforceClient.cs:line 62
fail: BestelAppBoeken.Receiver.Worker[0]
      Error processing message.
      System.Exception: Salesforce authentication failed.
         at BestelAppBoeken.Receiver.Services.SalesforceClient.AuthenticateAsync() in C:\Users\Kimbe\source\repos\BestelAppBoeken\BestelAppBoeken.Receiver\Services\SalesforceClient.cs:line 62
         at BestelAppBoeken.Receiver.Services.SalesforceClient.PushOrderAsync(Order order) in C:\Users\Kimbe\source\repos\BestelAppBoeken\BestelAppBoeken.Receiver\Services\SalesforceClient.cs:line 88
         at BestelAppBoeken.Receiver.Worker.<ExecuteAsync>b__7_0(Object model, BasicDeliverEventArgs ea) in C:\Users\Kimbe\source\repos\BestelAppBoeken\BestelAppBoeken.Receiver\Worker.cs:line 74
